#
# A fatal error has been detected by the Java Runtime Environment:
#
#  Internal Error (safepoint.cpp:919), pid=30805, tid=30983
#  fatal error: Illegal threadstate encountered: 4
#
# JRE version: OpenJDK Runtime Environment Temurin-11.0.14.1+1 (11.0.14.1+1) (build 11.0.14.1+1)
# Java VM: OpenJDK 64-Bit Server VM Temurin-11.0.14.1+1 (11.0.14.1+1, mixed mode, tiered, compressed oops, g1 gc, bsd-amd64)
# No core dump will be written. Core dumps have been disabled. To enable core dumping, try "ulimit -c unlimited" before starting Java again
#
# If you would like to submit a bug report, please visit:
#   https://github.com/adoptium/adoptium-support/issues
# The crash happened outside the Java Virtual Machine in native code.
# See problematic frame for where to report the bug.
#

---------------  S U M M A R Y ------------

Command Line: -agentlib:jdwp=transport=dt_socket,suspend=y,address=localhost:50248 -javaagent:/Applications/Eclipse.app/Contents/Eclipse/configuration/org.eclipse.osgi/215/0/.cp/lib/javaagent-shaded.jar -Dfile.encoding=UTF-8 it.polito.tdp.genes.Main

Host: MacBookAir7,2 x86_64 1800 MHz, 4 cores, 8G, Darwin 21.4.0
Time: Mon May 30 23:56:13 2022 CEST elapsed time: 7.884300 seconds (0d 0h 0m 7s)

---------------  T H R E A D  ---------------

Current thread (0x00007fcf9fa05000):  JavaThread "InvokeLaterDispatcher" daemon [_thread_in_native, id=30983, stack(0x00007000118f5000,0x00007000119f5000)]

Stack: [0x00007000118f5000,0x00007000119f5000],  sp=0x00007000119f32d0,  free space=1016k
Native frames: (J=compiled Java code, A=aot compiled Java code, j=interpreted, Vv=VM code, C=native code)
V  [libjvm.dylib+0x7c5ab3]  _ZN7VMError14report_and_dieEiPKcS1_P13__va_list_tagP6ThreadPhPvS7_S1_im+0x601
V  [libjvm.dylib+0x276985]  _Z12report_fatal11VMErrorTypePKciS1_z+0xc0
V  [libjvm.dylib+0x69bc15]  _ZN20SafepointSynchronize5blockEP10JavaThread+0x1d9
V  [libjvm.dylib+0x69d183]  _ZN18SafepointMechanism23block_if_requested_slowEP10JavaThread+0x1d
V  [libjvm.dylib+0x77e5c4]  _ZN10JavaThread44check_safepoint_and_suspend_for_native_transEPS_+0x9c
V  [libjvm.dylib+0x3f36ae]  jni_DeleteGlobalRef+0x93
C  [libglass.dylib+0x8871]  -[GlassRunnable dealloc]+0x31
C  [Foundation+0x81bee]  -[_NSThreadPerformInfo dealloc]+0x2a
C  [Foundation+0x4e496]  -[NSObject(NSThreadPerformAdditions) performSelectorOnMainThread:withObject:waitUntilDone:]+0x7c
j  com.sun.glass.ui.mac.MacApplication._submitForLaterInvocation(Ljava/lang/Runnable;)V+0
j  com.sun.glass.ui.mac.MacApplication.submitForLaterInvocation(Ljava/lang/Runnable;)V+2
j  com.sun.glass.ui.InvokeLaterDispatcher.run()V+82
v  ~StubRoutines::call_stub
V  [libjvm.dylib+0x3b7c22]  _ZN9JavaCalls11call_helperEP9JavaValueRK12methodHandleP17JavaCallArgumentsP6Thread+0x1fe
V  [libjvm.dylib+0x3b7088]  _ZN9JavaCalls12call_virtualEP9JavaValueP5KlassP6SymbolS5_P17JavaCallArgumentsP6Thread+0xee
V  [libjvm.dylib+0x3b7144]  _ZN9JavaCalls12call_virtualEP9JavaValue6HandleP5KlassP6SymbolS6_P6Thread+0x62
V  [libjvm.dylib+0x43dfce]  _ZL12thread_entryP10JavaThreadP6Thread+0x78
V  [libjvm.dylib+0x77d03c]  _ZN10JavaThread17thread_main_innerEv+0x82
V  [libjvm.dylib+0x77ce86]  _ZN10JavaThread3runEv+0x122
V  [libjvm.dylib+0x77ada0]  _ZN6Thread8call_runEv+0x68
V  [libjvm.dylib+0x6291d1]  _ZL19thread_native_entryP6Thread+0x139
C  [libsystem_pthread.dylib+0x64e1]  _pthread_start+0x7d
C  [libsystem_pthread.dylib+0x1f6b]  thread_start+0xf

Java frames: (J=compiled Java code, j=interpreted, Vv=VM code)
j  com.sun.glass.ui.mac.MacApplication._submitForLaterInvocation(Ljava/lang/Runnable;)V+0
j  com.sun.glass.ui.mac.MacApplication.submitForLaterInvocation(Ljava/lang/Runnable;)V+2
j  com.sun.glass.ui.InvokeLaterDispatcher.run()V+82
v  ~StubRoutines::call_stub

---------------  P R O C E S S  ---------------

Threads class SMR info:
_java_thread_list=0x0000600001c42ca0, length=20, elements={
0x00007fcf9e00a800, 0x00007fcf9f028000, 0x00007fcf9f02b000, 0x00007fcf9f02e800,
0x00007fcf9f02f800, 0x00007fcf9f030000, 0x00007fcf9f036000, 0x00007fcf9f037000,
0x00007fcf9e033000, 0x00007fcf9e035000, 0x00007fcf9f828000, 0x00007fcf9f810800,
0x00007fcf9f843000, 0x00007fcf9e0a7800, 0x00007fcf9fa05000, 0x00007fcf9fa09000,
0x00007fcf9e17d000, 0x00007fcf9e5d2000, 0x00007fcfa2870800, 0x00007fcfa3da4800
}

Java Threads: ( => current thread )
  0x00007fcf9e00a800 JavaThread "main" [_thread_blocked, id=6659, stack(0x000070000fe21000,0x000070000ff21000)]
  0x00007fcf9f028000 JavaThread "Reference Handler" daemon [_thread_blocked, id=18435, stack(0x0000700010536000,0x0000700010636000)]
  0x00007fcf9f02b000 JavaThread "Finalizer" daemon [_thread_blocked, id=17923, stack(0x0000700010639000,0x0000700010739000)]
  0x00007fcf9f02e800 JavaThread "Signal Dispatcher" daemon [_thread_blocked, id=15875, stack(0x00007000108c5000,0x00007000109c5000)]
  0x00007fcf9f02f800 JavaThread "Service Thread" daemon [_thread_blocked, id=43267, stack(0x00007000109c8000,0x0000700010ac8000)]
  0x00007fcf9f030000 JavaThread "C2 CompilerThread0" daemon [_thread_in_native, id=42499, stack(0x0000700010acb000,0x0000700010bcb000)]
  0x00007fcf9f036000 JavaThread "C1 CompilerThread0" daemon [_thread_blocked, id=42243, stack(0x0000700010bce000,0x0000700010cce000)]
  0x00007fcf9f037000 JavaThread "Sweeper thread" daemon [_thread_blocked, id=41987, stack(0x0000700010cd1000,0x0000700010dd1000)]
  0x00007fcf9e033000 JavaThread "Common-Cleaner" daemon [_thread_blocked, id=23299, stack(0x0000700010dd4000,0x0000700010ed4000)]
  0x00007fcf9e035000 JavaThread "JDWP Transport Listener: dt_socket" daemon [_thread_blocked, id=40963, stack(0x0000700010ed7000,0x0000700010fd7000)]
  0x00007fcf9f828000 JavaThread "JDWP Event Helper Thread" daemon [_thread_blocked, id=23811, stack(0x0000700010fda000,0x00007000110da000)]
  0x00007fcf9f810800 JavaThread "JDWP Command Reader" daemon [_thread_in_native, id=24323, stack(0x00007000110dd000,0x00007000111dd000)]
  0x00007fcf9f843000 JavaThread "JavaFX-Launcher" [_thread_blocked, id=25091, stack(0x00007000112e3000,0x00007000113e3000)]
  0x00007fcf9e0a7800 JavaThread "QuantumRenderer-0" daemon [_thread_blocked, id=26883, stack(0x00007000117f2000,0x00007000118f2000)]
=>0x00007fcf9fa05000 JavaThread "InvokeLaterDispatcher" daemon [_thread_in_native, id=30983, stack(0x00007000118f5000,0x00007000119f5000)]
  0x00007fcf9fa09000 JavaThread "JavaFX Application Thread" [_thread_in_native_trans, id=259, stack(0x00007ff7b326b000,0x00007ff7b3a6b000)]
  0x00007fcf9e17d000 JavaThread "Thread-3" daemon [_thread_in_native, id=48647, stack(0x00007000119f8000,0x0000700011a78000)]
  0x00007fcf9e5d2000 JavaThread "HikariPool-1 housekeeper" daemon [_thread_blocked, id=73731, stack(0x0000700011c01000,0x0000700011d01000)]
  0x00007fcfa2870800 JavaThread "Prism Font Disposer" daemon [_thread_blocked, id=71691, stack(0x0000700011e07000,0x0000700011f07000)]
  0x00007fcfa3da4800 JavaThread "Cleaner-0" daemon [_thread_blocked, id=67079, stack(0x0000700011f0a000,0x000070001200a000)]

Other Threads:
  0x00007fcf9f020000 VMThread "VM Thread" [stack: 0x0000700010433000,0x0000700010533000] [id=18947]
  0x00007fcf9d985000 WatcherThread [stack: 0x00007000111e0000,0x00007000112e0000] [id=40195]
  0x00007fcf9d81a000 GCTaskThread "GC Thread#0" [stack: 0x000070000ff24000,0x0000700010024000] [id=12035]
  0x00007fcf9f89f800 GCTaskThread "GC Thread#1" [stack: 0x00007000114e9000,0x00007000115e9000] [id=25859]
  0x00007fcf9f8a0000 GCTaskThread "GC Thread#2" [stack: 0x00007000115ec000,0x00007000116ec000] [id=26115]
  0x00007fcf9f8f9800 GCTaskThread "GC Thread#3" [stack: 0x00007000116ef000,0x00007000117ef000] [id=38915]
  0x00007fcf9d83a800 ConcurrentGCThread "G1 Main Marker" [stack: 0x0000700010027000,0x0000700010127000] [id=12291]
  0x00007fcf9d83b800 ConcurrentGCThread "G1 Conc#0" [stack: 0x000070001012a000,0x000070001022a000] [id=12547]
  0x00007fcf9d88c000 ConcurrentGCThread "G1 Refine#0" [stack: 0x000070001022d000,0x000070001032d000] [id=12803]
  0x00007fcf9d88d000 ConcurrentGCThread "G1 Young RemSet Sampling" [stack: 0x0000700010330000,0x0000700010430000] [id=19715]

Threads with active compile tasks:
C2 CompilerThread0   7908 3680 % !   4       javafx.scene.CssStyleHelper::transitionToState @ 282 (1019 bytes)

VM state:not at safepoint (normal execution)

VM Mutex/Monitor currently owned by a thread: None

Heap address: 0x0000000780000000, size: 2048 MB, Compressed Oops mode: Zero based, Oop shift amount: 3
Narrow klass base: 0x0000000800000000, Narrow klass shift: 0
Compressed class space size: 1073741824 Address: 0x0000000800000000

Heap:
 garbage-first heap   total 131072K, used 56136K [0x0000000780000000, 0x0000000800000000)
  region size 1024K, 47 young (48128K), 2 survivors (2048K)
 Metaspace       used 31929K, capacity 33123K, committed 33408K, reserved 1079296K
  class space    used 3835K, capacity 4374K, committed 4480K, reserved 1048576K
Heap Regions: E=young(eden), S=young(survivor), O=old, HS=humongous(starts), HC=humongous(continues), CS=collection set, F=free, A=archive, TAMS=top-at-mark-start (previous, next)
|   0|0x0000000780000000, 0x0000000780100000, 0x0000000780100000|100%| O|  |TAMS 0x0000000780058c00, 0x0000000780000000| Untracked 
|   1|0x0000000780100000, 0x0000000780200000, 0x0000000780200000|100%| O|  |TAMS 0x0000000780100000, 0x0000000780100000| Untracked 
|   2|0x0000000780200000, 0x0000000780300000, 0x0000000780300000|100%| O|  |TAMS 0x0000000780200000, 0x0000000780200000| Untracked 
|   3|0x0000000780300000, 0x0000000780400000, 0x0000000780400000|100%| O|  |TAMS 0x0000000780300000, 0x0000000780300000| Untracked 
|   4|0x0000000780400000, 0x0000000780500000, 0x0000000780500000|100%| O|  |TAMS 0x0000000780400000, 0x0000000780400000| Untracked 
|   5|0x0000000780500000, 0x0000000780600000, 0x0000000780600000|100%| O|  |TAMS 0x0000000780500000, 0x0000000780500000| Untracked 
|   6|0x0000000780600000, 0x00000007806d2200, 0x0000000780700000| 82%| O|  |TAMS 0x0000000780600000, 0x0000000780600000| Untracked 
|   7|0x0000000780700000, 0x0000000780800000, 0x0000000780800000|100%|HS|  |TAMS 0x0000000780700000, 0x0000000780700000| Complete 
|   8|0x0000000780800000, 0x0000000780900000, 0x0000000780900000|100%|HC|  |TAMS 0x0000000780800000, 0x0000000780800000| Complete 
|   9|0x0000000780900000, 0x0000000780900000, 0x0000000780a00000|  0%| F|  |TAMS 0x0000000780900000, 0x0000000780900000| Untracked 
|  10|0x0000000780a00000, 0x0000000780a00000, 0x0000000780b00000|  0%| F|  |TAMS 0x0000000780a00000, 0x0000000780a00000| Untracked 
|  11|0x0000000780b00000, 0x0000000780b00000, 0x0000000780c00000|  0%| F|  |TAMS 0x0000000780b00000, 0x0000000780b00000| Untracked 
|  12|0x0000000780c00000, 0x0000000780c00000, 0x0000000780d00000|  0%| F|  |TAMS 0x0000000780c00000, 0x0000000780c00000| Untracked 
|  13|0x0000000780d00000, 0x0000000780d00000, 0x0000000780e00000|  0%| F|  |TAMS 0x0000000780d00000, 0x0000000780d00000| Untracked 
|  14|0x0000000780e00000, 0x0000000780e00000, 0x0000000780f00000|  0%| F|  |TAMS 0x0000000780e00000, 0x0000000780e00000| Untracked 
|  15|0x0000000780f00000, 0x0000000780f00000, 0x0000000781000000|  0%| F|  |TAMS 0x0000000780f00000, 0x0000000780f00000| Untracked 
|  16|0x0000000781000000, 0x0000000781000000, 0x0000000781100000|  0%| F|  |TAMS 0x0000000781000000, 0x0000000781000000| Untracked 
|  17|0x0000000781100000, 0x0000000781100000, 0x0000000781200000|  0%| F|  |TAMS 0x0000000781100000, 0x0000000781100000| Untracked 
|  18|0x0000000781200000, 0x0000000781200000, 0x0000000781300000|  0%| F|  |TAMS 0x0000000781200000, 0x0000000781200000| Untracked 
|  19|0x0000000781300000, 0x0000000781300000, 0x0000000781400000|  0%| F|  |TAMS 0x0000000781300000, 0x0000000781300000| Untracked 
|  20|0x0000000781400000, 0x0000000781400000, 0x0000000781500000|  0%| F|  |TAMS 0x0000000781400000, 0x0000000781400000| Untracked 
|  21|0x0000000781500000, 0x0000000781500000, 0x0000000781600000|  0%| F|  |TAMS 0x0000000781500000, 0x0000000781500000| Untracked 
|  22|0x0000000781600000, 0x0000000781600000, 0x0000000781700000|  0%| F|  |TAMS 0x0000000781600000, 0x0000000781600000| Untracked 
|  23|0x0000000781700000, 0x0000000781700000, 0x0000000781800000|  0%| F|  |TAMS 0x0000000781700000, 0x0000000781700000| Untracked 
|  24|0x0000000781800000, 0x0000000781800000, 0x0000000781900000|  0%| F|  |TAMS 0x0000000781800000, 0x0000000781800000| Untracked 
|  25|0x0000000781900000, 0x0000000781900000, 0x0000000781a00000|  0%| F|  |TAMS 0x0000000781900000, 0x0000000781900000| Untracked 
|  26|0x0000000781a00000, 0x0000000781a00000, 0x0000000781b00000|  0%| F|  |TAMS 0x0000000781a00000, 0x0000000781a00000| Untracked 
|  27|0x0000000781b00000, 0x0000000781b00000, 0x0000000781c00000|  0%| F|  |TAMS 0x0000000781b00000, 0x0000000781b00000| Untracked 
|  28|0x0000000781c00000, 0x0000000781c00000, 0x0000000781d00000|  0%| F|  |TAMS 0x0000000781c00000, 0x0000000781c00000| Untracked 
|  29|0x0000000781d00000, 0x0000000781d00000, 0x0000000781e00000|  0%| F|  |TAMS 0x0000000781d00000, 0x0000000781d00000| Untracked 
|  30|0x0000000781e00000, 0x0000000781e00000, 0x0000000781f00000|  0%| F|  |TAMS 0x0000000781e00000, 0x0000000781e00000| Untracked 
|  31|0x0000000781f00000, 0x0000000781f00000, 0x0000000782000000|  0%| F|  |TAMS 0x0000000781f00000, 0x0000000781f00000| Untracked 
|  32|0x0000000782000000, 0x0000000782000000, 0x0000000782100000|  0%| F|  |TAMS 0x0000000782000000, 0x0000000782000000| Untracked 
|  33|0x0000000782100000, 0x0000000782100000, 0x0000000782200000|  0%| F|  |TAMS 0x0000000782100000, 0x0000000782100000| Untracked 
|  34|0x0000000782200000, 0x0000000782200000, 0x0000000782300000|  0%| F|  |TAMS 0x0000000782200000, 0x0000000782200000| Untracked 
|  35|0x0000000782300000, 0x0000000782300000, 0x0000000782400000|  0%| F|  |TAMS 0x0000000782300000, 0x0000000782300000| Untracked 
|  36|0x0000000782400000, 0x0000000782400000, 0x0000000782500000|  0%| F|  |TAMS 0x0000000782400000, 0x0000000782400000| Untracked 
|  37|0x0000000782500000, 0x0000000782500000, 0x0000000782600000|  0%| F|  |TAMS 0x0000000782500000, 0x0000000782500000| Untracked 
|  38|0x0000000782600000, 0x0000000782600000, 0x0000000782700000|  0%| F|  |TAMS 0x0000000782600000, 0x0000000782600000| Untracked 
|  39|0x0000000782700000, 0x0000000782700000, 0x0000000782800000|  0%| F|  |TAMS 0x0000000782700000, 0x0000000782700000| Untracked 
|  40|0x0000000782800000, 0x0000000782800000, 0x0000000782900000|  0%| F|  |TAMS 0x0000000782800000, 0x0000000782800000| Untracked 
|  41|0x0000000782900000, 0x0000000782900000, 0x0000000782a00000|  0%| F|  |TAMS 0x0000000782900000, 0x0000000782900000| Untracked 
|  42|0x0000000782a00000, 0x0000000782a00000, 0x0000000782b00000|  0%| F|  |TAMS 0x0000000782a00000, 0x0000000782a00000| Untracked 
|  43|0x0000000782b00000, 0x0000000782b00000, 0x0000000782c00000|  0%| F|  |TAMS 0x0000000782b00000, 0x0000000782b00000| Untracked 
|  44|0x0000000782c00000, 0x0000000782c00000, 0x0000000782d00000|  0%| F|  |TAMS 0x0000000782c00000, 0x0000000782c00000| Untracked 
|  45|0x0000000782d00000, 0x0000000782d00000, 0x0000000782e00000|  0%| F|  |TAMS 0x0000000782d00000, 0x0000000782d00000| Untracked 
|  46|0x0000000782e00000, 0x0000000782e00000, 0x0000000782f00000|  0%| F|  |TAMS 0x0000000782e00000, 0x0000000782e00000| Untracked 
|  47|0x0000000782f00000, 0x0000000782f00000, 0x0000000783000000|  0%| F|  |TAMS 0x0000000782f00000, 0x0000000782f00000| Untracked 
|  48|0x0000000783000000, 0x0000000783000000, 0x0000000783100000|  0%| F|  |TAMS 0x0000000783000000, 0x0000000783000000| Untracked 
|  49|0x0000000783100000, 0x0000000783100000, 0x0000000783200000|  0%| F|  |TAMS 0x0000000783100000, 0x0000000783100000| Untracked 
|  50|0x0000000783200000, 0x0000000783200000, 0x0000000783300000|  0%| F|  |TAMS 0x0000000783200000, 0x0000000783200000| Untracked 
|  51|0x0000000783300000, 0x0000000783300000, 0x0000000783400000|  0%| F|  |TAMS 0x0000000783300000, 0x0000000783300000| Untracked 
|  52|0x0000000783400000, 0x0000000783400000, 0x0000000783500000|  0%| F|  |TAMS 0x0000000783400000, 0x0000000783400000| Untracked 
|  53|0x0000000783500000, 0x0000000783500000, 0x0000000783600000|  0%| F|  |TAMS 0x0000000783500000, 0x0000000783500000| Untracked 
|  54|0x0000000783600000, 0x0000000783600000, 0x0000000783700000|  0%| F|  |TAMS 0x0000000783600000, 0x0000000783600000| Untracked 
|  55|0x0000000783700000, 0x0000000783700000, 0x0000000783800000|  0%| F|  |TAMS 0x0000000783700000, 0x0000000783700000| Untracked 
|  56|0x0000000783800000, 0x0000000783800000, 0x0000000783900000|  0%| F|  |TAMS 0x0000000783800000, 0x0000000783800000| Untracked 
|  57|0x0000000783900000, 0x0000000783900000, 0x0000000783a00000|  0%| F|  |TAMS 0x0000000783900000, 0x0000000783900000| Untracked 
|  58|0x0000000783a00000, 0x0000000783a00000, 0x0000000783b00000|  0%| F|  |TAMS 0x0000000783a00000, 0x0000000783a00000| Untracked 
|  59|0x0000000783b00000, 0x0000000783b00000, 0x0000000783c00000|  0%| F|  |TAMS 0x0000000783b00000, 0x0000000783b00000| Untracked 
|  60|0x0000000783c00000, 0x0000000783c00000, 0x0000000783d00000|  0%| F|  |TAMS 0x0000000783c00000, 0x0000000783c00000| Untracked 
|  61|0x0000000783d00000, 0x0000000783d00000, 0x0000000783e00000|  0%| F|  |TAMS 0x0000000783d00000, 0x0000000783d00000| Untracked 
|  62|0x0000000783e00000, 0x0000000783e00000, 0x0000000783f00000|  0%| F|  |TAMS 0x0000000783e00000, 0x0000000783e00000| Untracked 
|  63|0x0000000783f00000, 0x0000000783f00000, 0x0000000784000000|  0%| F|  |TAMS 0x0000000783f00000, 0x0000000783f00000| Untracked 
|  64|0x0000000784000000, 0x0000000784000000, 0x0000000784100000|  0%| F|  |TAMS 0x0000000784000000, 0x0000000784000000| Untracked 
|  65|0x0000000784100000, 0x0000000784100000, 0x0000000784200000|  0%| F|  |TAMS 0x0000000784100000, 0x0000000784100000| Untracked 
|  66|0x0000000784200000, 0x0000000784200000, 0x0000000784300000|  0%| F|  |TAMS 0x0000000784200000, 0x0000000784200000| Untracked 
|  67|0x0000000784300000, 0x0000000784300000, 0x0000000784400000|  0%| F|  |TAMS 0x0000000784300000, 0x0000000784300000| Untracked 
|  68|0x0000000784400000, 0x0000000784400000, 0x0000000784500000|  0%| F|  |TAMS 0x0000000784400000, 0x0000000784400000| Untracked 
|  69|0x0000000784500000, 0x0000000784500000, 0x0000000784600000|  0%| F|  |TAMS 0x0000000784500000, 0x0000000784500000| Untracked 
|  70|0x0000000784600000, 0x0000000784600000, 0x0000000784700000|  0%| F|  |TAMS 0x0000000784600000, 0x0000000784600000| Untracked 
|  71|0x0000000784700000, 0x0000000784700000, 0x0000000784800000|  0%| F|  |TAMS 0x0000000784700000, 0x0000000784700000| Untracked 
|  72|0x0000000784800000, 0x0000000784800000, 0x0000000784900000|  0%| F|  |TAMS 0x0000000784800000, 0x0000000784800000| Untracked 
|  73|0x0000000784900000, 0x0000000784900000, 0x0000000784a00000|  0%| F|  |TAMS 0x0000000784900000, 0x0000000784900000| Untracked 
|  74|0x0000000784a00000, 0x0000000784a00000, 0x0000000784b00000|  0%| F|  |TAMS 0x0000000784a00000, 0x0000000784a00000| Untracked 
|  75|0x0000000784b00000, 0x0000000784b00000, 0x0000000784c00000|  0%| F|  |TAMS 0x0000000784b00000, 0x0000000784b00000| Untracked 
|  76|0x0000000784c00000, 0x0000000784c00000, 0x0000000784d00000|  0%| F|  |TAMS 0x0000000784c00000, 0x0000000784c00000| Untracked 
|  77|0x0000000784d00000, 0x0000000784d00000, 0x0000000784e00000|  0%| F|  |TAMS 0x0000000784d00000, 0x0000000784d00000| Untracked 
|  78|0x0000000784e00000, 0x0000000784e00000, 0x0000000784f00000|  0%| F|  |TAMS 0x0000000784e00000, 0x0000000784e00000| Untracked 
|  79|0x0000000784f00000, 0x0000000784f00000, 0x0000000785000000|  0%| F|  |TAMS 0x0000000784f00000, 0x0000000784f00000| Untracked 
|  80|0x0000000785000000, 0x0000000785000000, 0x0000000785100000|  0%| F|  |TAMS 0x0000000785000000, 0x0000000785000000| Untracked 
|  81|0x0000000785100000, 0x00000007851f1e50, 0x0000000785200000| 94%| E|  |TAMS 0x0000000785100000, 0x0000000785100000| Complete 
|  82|0x0000000785200000, 0x0000000785300000, 0x0000000785300000|100%| E|CS|TAMS 0x0000000785200000, 0x0000000785200000| Complete 
|  83|0x0000000785300000, 0x0000000785400000, 0x0000000785400000|100%| E|CS|TAMS 0x0000000785300000, 0x0000000785300000| Complete 
|  84|0x0000000785400000, 0x0000000785500000, 0x0000000785500000|100%| E|CS|TAMS 0x0000000785400000, 0x0000000785400000| Complete 
|  85|0x0000000785500000, 0x0000000785600000, 0x0000000785600000|100%| E|CS|TAMS 0x0000000785500000, 0x0000000785500000| Complete 
|  86|0x0000000785600000, 0x0000000785700000, 0x0000000785700000|100%| E|CS|TAMS 0x0000000785600000, 0x0000000785600000| Complete 
|  87|0x0000000785700000, 0x0000000785800000, 0x0000000785800000|100%| E|CS|TAMS 0x0000000785700000, 0x0000000785700000| Complete 
|  88|0x0000000785800000, 0x0000000785900000, 0x0000000785900000|100%| E|CS|TAMS 0x0000000785800000, 0x0000000785800000| Complete 
|  89|0x0000000785900000, 0x0000000785a00000, 0x0000000785a00000|100%| E|CS|TAMS 0x0000000785900000, 0x0000000785900000| Complete 
|  90|0x0000000785a00000, 0x0000000785b00000, 0x0000000785b00000|100%| E|CS|TAMS 0x0000000785a00000, 0x0000000785a00000| Complete 
|  91|0x0000000785b00000, 0x0000000785c00000, 0x0000000785c00000|100%| E|CS|TAMS 0x0000000785b00000, 0x0000000785b00000| Complete 
|  92|0x0000000785c00000, 0x0000000785d00000, 0x0000000785d00000|100%| E|CS|TAMS 0x0000000785c00000, 0x0000000785c00000| Complete 
|  93|0x0000000785d00000, 0x0000000785e00000, 0x0000000785e00000|100%| E|CS|TAMS 0x0000000785d00000, 0x0000000785d00000| Complete 
|  94|0x0000000785e00000, 0x0000000785f00000, 0x0000000785f00000|100%| E|CS|TAMS 0x0000000785e00000, 0x0000000785e00000| Complete 
|  95|0x0000000785f00000, 0x0000000786000000, 0x0000000786000000|100%| E|CS|TAMS 0x0000000785f00000, 0x0000000785f00000| Complete 
|  96|0x0000000786000000, 0x0000000786100000, 0x0000000786100000|100%| S|CS|TAMS 0x0000000786000000, 0x0000000786000000| Complete 
|  97|0x0000000786100000, 0x0000000786200000, 0x0000000786200000|100%| S|CS|TAMS 0x0000000786100000, 0x0000000786100000| Complete 
|  98|0x0000000786200000, 0x0000000786300000, 0x0000000786300000|100%| E|CS|TAMS 0x0000000786200000, 0x0000000786200000| Complete 
|  99|0x0000000786300000, 0x0000000786400000, 0x0000000786400000|100%| E|CS|TAMS 0x0000000786300000, 0x0000000786300000| Complete 
| 100|0x0000000786400000, 0x0000000786500000, 0x0000000786500000|100%| E|CS|TAMS 0x0000000786400000, 0x0000000786400000| Complete 
| 101|0x0000000786500000, 0x0000000786600000, 0x0000000786600000|100%| E|CS|TAMS 0x0000000786500000, 0x0000000786500000| Complete 
| 102|0x0000000786600000, 0x0000000786700000, 0x0000000786700000|100%| E|CS|TAMS 0x0000000786600000, 0x0000000786600000| Complete 
| 103|0x0000000786700000, 0x0000000786800000, 0x0000000786800000|100%| E|CS|TAMS 0x0000000786700000, 0x0000000786700000| Complete 
| 104|0x0000000786800000, 0x0000000786900000, 0x0000000786900000|100%| E|CS|TAMS 0x0000000786800000, 0x0000000786800000| Complete 
| 105|0x0000000786900000, 0x0000000786a00000, 0x0000000786a00000|100%| E|CS|TAMS 0x0000000786900000, 0x0000000786900000| Complete 
| 106|0x0000000786a00000, 0x0000000786b00000, 0x0000000786b00000|100%| E|CS|TAMS 0x0000000786a00000, 0x0000000786a00000| Complete 
| 107|0x0000000786b00000, 0x0000000786c00000, 0x0000000786c00000|100%| E|CS|TAMS 0x0000000786b00000, 0x0000000786b00000| Complete 
| 108|0x0000000786c00000, 0x0000000786d00000, 0x0000000786d00000|100%| E|CS|TAMS 0x0000000786c00000, 0x0000000786c00000| Complete 
| 109|0x0000000786d00000, 0x0000000786e00000, 0x0000000786e00000|100%| E|CS|TAMS 0x0000000786d00000, 0x0000000786d00000| Complete 
| 110|0x0000000786e00000, 0x0000000786f00000, 0x0000000786f00000|100%| E|CS|TAMS 0x0000000786e00000, 0x0000000786e00000| Complete 
| 111|0x0000000786f00000, 0x0000000787000000, 0x0000000787000000|100%| E|CS|TAMS 0x0000000786f00000, 0x0000000786f00000| Complete 
| 112|0x0000000787000000, 0x0000000787100000, 0x0000000787100000|100%| E|CS|TAMS 0x0000000787000000, 0x0000000787000000| Complete 
| 113|0x0000000787100000, 0x0000000787200000, 0x0000000787200000|100%| E|CS|TAMS 0x0000000787100000, 0x0000000787100000| Complete 
| 114|0x0000000787200000, 0x0000000787300000, 0x0000000787300000|100%| E|CS|TAMS 0x0000000787200000, 0x0000000787200000| Complete 
| 115|0x0000000787300000, 0x0000000787400000, 0x0000000787400000|100%| E|CS|TAMS 0x0000000787300000, 0x0000000787300000| Complete 
| 116|0x0000000787400000, 0x0000000787500000, 0x0000000787500000|100%| E|CS|TAMS 0x0000000787400000, 0x0000000787400000| Complete 
| 117|0x0000000787500000, 0x0000000787600000, 0x0000000787600000|100%| E|CS|TAMS 0x0000000787500000, 0x0000000787500000| Complete 
| 118|0x0000000787600000, 0x0000000787700000, 0x0000000787700000|100%| E|CS|TAMS 0x0000000787600000, 0x0000000787600000| Complete 
| 119|0x0000000787700000, 0x0000000787800000, 0x0000000787800000|100%| E|CS|TAMS 0x0000000787700000, 0x0000000787700000| Complete 
| 120|0x0000000787800000, 0x0000000787900000, 0x0000000787900000|100%| E|CS|TAMS 0x0000000787800000, 0x0000000787800000| Complete 
| 121|0x0000000787900000, 0x0000000787a00000, 0x0000000787a00000|100%| E|CS|TAMS 0x0000000787900000, 0x0000000787900000| Complete 
| 122|0x0000000787a00000, 0x0000000787b00000, 0x0000000787b00000|100%| E|CS|TAMS 0x0000000787a00000, 0x0000000787a00000| Complete 
| 123|0x0000000787b00000, 0x0000000787c00000, 0x0000000787c00000|100%| E|CS|TAMS 0x0000000787b00000, 0x0000000787b00000| Complete 
| 124|0x0000000787c00000, 0x0000000787d00000, 0x0000000787d00000|100%| E|CS|TAMS 0x0000000787c00000, 0x0000000787c00000| Complete 
| 125|0x0000000787d00000, 0x0000000787e00000, 0x0000000787e00000|100%| E|CS|TAMS 0x0000000787d00000, 0x0000000787d00000| Complete 
| 126|0x0000000787e00000, 0x0000000787f00000, 0x0000000787f00000|100%| E|CS|TAMS 0x0000000787e00000, 0x0000000787e00000| Complete 
| 127|0x0000000787f00000, 0x0000000788000000, 0x0000000788000000|100%| E|CS|TAMS 0x0000000787f00000, 0x0000000787f00000| Complete 

Card table byte_map: [0x000000010ccdc000,0x000000010d0dc000] _byte_map_base: 0x00000001090dc000

Marking Bits (Prev, Next): (CMBitMap*) 0x00007fcf9d832050, (CMBitMap*) 0x00007fcf9d832018
 Prev Bits: [0x0000000128295000, 0x000000012a295000)
 Next Bits: [0x0000000126295000, 0x0000000128295000)

Polling page: 0x000000010c5d4000

Metaspace:

Usage:
  Non-class:     28.08 MB capacity,    27.44 MB ( 98%) used,   511.37 KB (  2%) free+waste,   143.44 KB ( <1%) overhead. 
      Class:      4.27 MB capacity,     3.75 MB ( 88%) used,   468.39 KB ( 11%) free+waste,    70.38 KB (  2%) overhead. 
       Both:     32.35 MB capacity,    31.18 MB ( 96%) used,   979.76 KB (  3%) free+waste,   213.81 KB ( <1%) overhead. 

Virtual space:
  Non-class space:       30.00 MB reserved,      28.25 MB ( 94%) committed 
      Class space:        1.00 GB reserved,       4.38 MB ( <1%) committed 
             Both:        1.03 GB reserved,      32.62 MB (  3%) committed 

Chunk freelists:
   Non-Class:  111.00 KB
       Class:  10.00 KB
        Both:  121.00 KB

MaxMetaspaceSize: unlimited
CompressedClassSpaceSize: 1.00 GB
Initial GC threshold: 20.80 MB
Current GC threshold: 35.00 MB
CDS: off

CodeHeap 'non-profiled nmethods': size=120032Kb used=1780Kb max_used=1780Kb free=118251Kb
 bounds [0x000000011ed5d000, 0x000000011efcd000, 0x0000000126295000]
CodeHeap 'profiled nmethods': size=120032Kb used=7414Kb max_used=7414Kb free=112617Kb
 bounds [0x0000000117825000, 0x0000000117f65000, 0x000000011ed5d000]
CodeHeap 'non-nmethods': size=5696Kb used=1529Kb max_used=1601Kb free=4166Kb
 bounds [0x0000000117295000, 0x0000000117505000, 0x0000000117825000]
 total_blobs=4474 nmethods=3659 adapters=736
 compilation: enabled
              stopped_count=0, restarted_count=0
 full_count=0

Compilation events (20 events):
Event: 7.864 Thread 0x00007fcf9f036000 nmethod 3677 0x0000000117f5a810 code [0x0000000117f5a9c0, 0x0000000117f5aab0]
Event: 7.864 Thread 0x00007fcf9f036000 3676       3       jdk.internal.misc.Unsafe::convEndian (16 bytes)
Event: 7.864 Thread 0x00007fcf9f036000 nmethod 3676 0x0000000117f5ab10 code [0x0000000117f5acc0, 0x0000000117f5ae70]
Event: 7.864 Thread 0x00007fcf9f036000 3675       3       jdk.internal.misc.Unsafe::getShortUnaligned (33 bytes)
Event: 7.866 Thread 0x00007fcf9f036000 nmethod 3675 0x0000000117f5af10 code [0x0000000117f5b0e0, 0x0000000117f5b490]
Event: 7.866 Thread 0x00007fcf9f036000 3674       3       jdk.internal.misc.Unsafe::getShortUnaligned (12 bytes)
Event: 7.867 Thread 0x00007fcf9f036000 nmethod 3674 0x0000000117f5b610 code [0x0000000117f5b7c0, 0x0000000117f5b9f0]
Event: 7.867 Thread 0x00007fcf9f036000 3679       3       java.nio.HeapByteBuffer::getInt (25 bytes)
Event: 7.867 Thread 0x00007fcf9f036000 nmethod 3679 0x0000000117f5bb10 code [0x0000000117f5bd00, 0x0000000117f5c1c0]
Event: 7.867 Thread 0x00007fcf9f036000 3683       3       javafx.scene.paint.Stop::hashCode (56 bytes)
Event: 7.868 Thread 0x00007fcf9f036000 nmethod 3683 0x0000000117f5c410 code [0x0000000117f5c5e0, 0x0000000117f5c960]
Event: 7.868 Thread 0x00007fcf9f036000 3684       3       javafx.scene.layout.GridPane::getNodeColumnIndex (18 bytes)
Event: 7.870 Thread 0x00007fcf9f036000 nmethod 3684 0x0000000117f5ca90 code [0x0000000117f5cce0, 0x0000000117f5d850]
Event: 7.870 Thread 0x00007fcf9f036000 3685       3       javafx.scene.layout.GridPane::getColumnIndex (10 bytes)
Event: 7.871 Thread 0x00007fcf9f036000 nmethod 3685 0x0000000117f5dc10 code [0x0000000117f5de60, 0x0000000117f5e8f0]
Event: 7.871 Thread 0x00007fcf9f036000 3686       3       javafx.scene.layout.Region::snapSpaceY (17 bytes)
Event: 7.873 Thread 0x00007fcf9f036000 nmethod 3686 0x0000000117f5ec10 code [0x0000000117f5ee80, 0x0000000117f5f7d0]
Event: 7.873 Thread 0x00007fcf9f036000 3688       3       com.sun.javafx.geom.transform.AffineBase::getType (33 bytes)
Event: 7.874 Thread 0x00007fcf9f036000 nmethod 3688 0x0000000117f5fb10 code [0x0000000117f5fce0, 0x0000000117f5fff0]
Event: 7.874 Thread 0x00007fcf9f036000 3690       3       com.sun.javafx.sg.prism.NGRegion::renderContent (115 bytes)

GC Heap History (6 events):
Event: 0.789 GC heap before
{Heap before GC invocations=0 (full 0):
 garbage-first heap   total 131072K, used 13312K [0x0000000780000000, 0x0000000800000000)
  region size 1024K, 14 young (14336K), 0 survivors (0K)
 Metaspace       used 10603K, capacity 10784K, committed 11008K, reserved 1058816K
  class space    used 951K, capacity 1017K, committed 1024K, reserved 1048576K
}
Event: 0.795 GC heap after
{Heap after GC invocations=1 (full 0):
 garbage-first heap   total 131072K, used 2403K [0x0000000780000000, 0x0000000800000000)
  region size 1024K, 2 young (2048K), 2 survivors (2048K)
 Metaspace       used 10603K, capacity 10784K, committed 11008K, reserved 1058816K
  class space    used 951K, capacity 1017K, committed 1024K, reserved 1048576K
}
Event: 2.428 GC heap before
{Heap before GC invocations=1 (full 0):
 garbage-first heap   total 131072K, used 64867K [0x0000000780000000, 0x0000000800000000)
  region size 1024K, 65 young (66560K), 2 survivors (2048K)
 Metaspace       used 20683K, capacity 21186K, committed 21248K, reserved 1069056K
  class space    used 2314K, capacity 2526K, committed 2560K, reserved 1048576K
}
Event: 2.458 GC heap after
{Heap after GC invocations=2 (full 0):
 garbage-first heap   total 131072K, used 7220K [0x0000000780000000, 0x0000000800000000)
  region size 1024K, 7 young (7168K), 7 survivors (7168K)
 Metaspace       used 20683K, capacity 21186K, committed 21248K, reserved 1069056K
  class space    used 2314K, capacity 2526K, committed 2560K, reserved 1048576K
}
Event: 3.481 GC heap before
{Heap before GC invocations=3 (full 0):
 garbage-first heap   total 131072K, used 37940K [0x0000000780000000, 0x0000000800000000)
  region size 1024K, 37 young (37888K), 7 survivors (7168K)
 Metaspace       used 25633K, capacity 26327K, committed 26496K, reserved 1073152K
  class space    used 2892K, capacity 3194K, committed 3200K, reserved 1048576K
}
Event: 3.512 GC heap after
{Heap after GC invocations=4 (full 0):
 garbage-first heap   total 131072K, used 9032K [0x0000000780000000, 0x0000000800000000)
  region size 1024K, 2 young (2048K), 2 survivors (2048K)
 Metaspace       used 25633K, capacity 26327K, committed 26496K, reserved 1073152K
  class space    used 2892K, capacity 3194K, committed 3200K, reserved 1048576K
}

Deoptimization events (20 events):
Event: 7.865 Thread 0x00007fcf9fa09000 DEOPT PACKING pc=0x000000011ef07dbc sp=0x00007ff7b3a64520
Event: 7.865 Thread 0x00007fcf9fa09000 DEOPT UNPACKING pc=0x00000001172deea5 sp=0x00007ff7b3a64528 mode 2
Event: 7.866 Thread 0x00007fcf9fa09000 Uncommon trap: trap_request=0xffffffbe fr.pc=0x000000011ef07dbc relative=0x000000000000591c
Event: 7.866 Thread 0x00007fcf9fa09000 Uncommon trap: reason=profile_predicate action=maybe_recompile pc=0x000000011ef07dbc method=javafx.scene.CssStyleHelper.transitionToState(Ljavafx/scene/Node;)V @ 286 c2
Event: 7.866 Thread 0x00007fcf9fa09000 DEOPT PACKING pc=0x000000011ef07dbc sp=0x00007ff7b3a64320
Event: 7.866 Thread 0x00007fcf9fa09000 DEOPT UNPACKING pc=0x00000001172deea5 sp=0x00007ff7b3a64328 mode 2
Event: 7.867 Thread 0x00007fcf9fa09000 Uncommon trap: trap_request=0xffffffbe fr.pc=0x000000011ef07dbc relative=0x000000000000591c
Event: 7.867 Thread 0x00007fcf9fa09000 Uncommon trap: reason=profile_predicate action=maybe_recompile pc=0x000000011ef07dbc method=javafx.scene.CssStyleHelper.transitionToState(Ljavafx/scene/Node;)V @ 286 c2
Event: 7.867 Thread 0x00007fcf9fa09000 DEOPT PACKING pc=0x000000011ef07dbc sp=0x00007ff7b3a64520
Event: 7.867 Thread 0x00007fcf9fa09000 DEOPT UNPACKING pc=0x00000001172deea5 sp=0x00007ff7b3a64528 mode 2
Event: 7.867 Thread 0x00007fcf9fa09000 Uncommon trap: trap_request=0xffffff4d fr.pc=0x000000011ee58980 relative=0x0000000000004240
Event: 7.867 Thread 0x00007fcf9fa09000 Uncommon trap: reason=unstable_if action=reinterpret pc=0x000000011ee58980 method=java.net.URL.<init>(Ljava/net/URL;Ljava/lang/String;Ljava/net/URLStreamHandler;)V @ 347 c2
Event: 7.867 Thread 0x00007fcf9fa09000 DEOPT PACKING pc=0x000000011ee58980 sp=0x00007ff7b3a63d60
Event: 7.867 Thread 0x00007fcf9fa09000 DEOPT UNPACKING pc=0x00000001172deea5 sp=0x00007ff7b3a63d90 mode 2
Event: 7.867 Thread 0x00007fcf9fa09000 DEOPT PACKING pc=0x00000001178fdf5c sp=0x00007ff7b3a63e70
Event: 7.867 Thread 0x00007fcf9fa09000 DEOPT UNPACKING pc=0x00000001172df64a sp=0x00007ff7b3a63358 mode 1
Event: 7.867 Thread 0x00007fcf9fa09000 Uncommon trap: trap_request=0xffffff4d fr.pc=0x000000011ef095d4 relative=0x0000000000007134
Event: 7.867 Thread 0x00007fcf9fa09000 Uncommon trap: reason=unstable_if action=reinterpret pc=0x000000011ef095d4 method=javafx.scene.CssStyleHelper.transitionToState(Ljavafx/scene/Node;)V @ 130 c2
Event: 7.867 Thread 0x00007fcf9fa09000 DEOPT PACKING pc=0x000000011ef095d4 sp=0x00007ff7b3a64430
Event: 7.867 Thread 0x00007fcf9fa09000 DEOPT UNPACKING pc=0x00000001172deea5 sp=0x00007ff7b3a64438 mode 2

Classes redefined (0 events):
No events

Internal exceptions (20 events):
Event: 1.899 Thread 0x00007fcf9fa09000 Exception <a 'java/lang/NoSuchMethodError'{0x000000078594eb50}: 'java.lang.Object java.lang.invoke.Invokers$Holder.linkToTargetMethod(java.lang.Object, int, java.lang.Object, java.lang.Object)'> (0x000000078594eb50) thrown at [./src/hotspot/share/interpreter/linkResolver.cpp, line 773]
Event: 2.082 Thread 0x00007fcf9fa09000 Exception <a 'java/lang/NoSuchMethodError'{0x0000000784feb3a8}: 'void java.lang.invoke.DirectMethodHandle$Holder.invokeStaticInit(java.lang.Object, java.lang.Object)'> (0x0000000784feb3a8) thrown at [./src/hotspot/share/interpreter/linkResolver.cpp, line 773]
Event: 2.271 Thread 0x00007fcf9fa09000 Exception <a 'java/lang/NoSuchMethodError'{0x000000078473de40}: 'void java.lang.invoke.DirectMethodHandle$Holder.invokeSpecial(java.lang.Object, java.lang.Object, java.lang.Object, java.lang.Object)'> (0x000000078473de40) thrown at [./src/hotspot/share/interpreter/linkResolver.cpp, line 773]
Event: 2.498 Thread 0x00007fcf9fa09000 Exception <a 'java/lang/NoSuchMethodError'{0x0000000787ee2bc8}: 'int java.lang.invoke.DirectMethodHandle$Holder.invokeSpecialIFC(java.lang.Object, java.lang.Object, int)'> (0x0000000787ee2bc8) thrown at [./src/hotspot/share/interpreter/linkResolver.cpp, line 773]
Event: 2.557 Thread 0x00007fcf9fa09000 Exception <a 'java/lang/NoClassDefFoundError'{0x0000000787acdcc0}: com/sun/jna/Platform> (0x0000000787acdcc0) thrown at [./src/hotspot/share/classfile/systemDictionary.cpp, line 219]
Event: 2.619 Thread 0x00007fcf9fa09000 Exception <a 'java/lang/NoSuchMethodError'{0x000000078763d1b0}: 'java.lang.Object java.lang.invoke.DirectMethodHandle$Holder.invokeStaticInit(java.lang.Object, java.lang.Object, long, java.lang.Object)'> (0x000000078763d1b0) thrown at [./src/hotspot/share/interpreter/linkResolver.cpp, line 773]
Event: 2.620 Thread 0x00007fcf9fa09000 Exception <a 'java/lang/NoSuchMethodError'{0x0000000787649108}: 'java.lang.Object java.lang.invoke.Invokers$Holder.linkToTargetMethod(java.lang.Object, long, java.lang.Object)'> (0x0000000787649108) thrown at [./src/hotspot/share/interpreter/linkResolver.cpp, line 773]
Event: 2.627 Thread 0x00007fcf9fa09000 Exception <a 'java/lang/NoClassDefFoundError'{0x000000078768ad30}: com/sun/jna/Platform> (0x000000078768ad30) thrown at [./src/hotspot/share/classfile/systemDictionary.cpp, line 219]
Event: 3.335 Thread 0x00007fcf9fa09000 Exception <a 'java/lang/NoSuchMethodError'{0x00000007866c03a0}: 'java.lang.Object java.lang.invoke.Invokers$Holder.linkToTargetMethod(java.lang.Object, int, java.lang.Object)'> (0x00000007866c03a0) thrown at [./src/hotspot/share/interpreter/linkResolver.cpp, line 773]
Event: 3.371 Thread 0x00007fcf9fa09000 Exception <a 'java/lang/NoSuchMethodError'{0x0000000786438800}: 'java.lang.Object java.lang.invoke.DirectMethodHandle$Holder.invokeInterface(java.lang.Object, java.lang.Object, java.lang.Object)'> (0x0000000786438800) thrown at [./src/hotspot/share/interpreter/linkResolver.cpp, line 773]
Event: 3.372 Thread 0x00007fcf9fa09000 Exception <a 'java/lang/IncompatibleClassChangeError'{0x000000078643b9b8}: Found class java.lang.Object, but interface was expected> (0x000000078643b9b8) thrown at [./src/hotspot/share/interpreter/linkResolver.cpp, line 839]
Event: 3.576 Thread 0x00007fcf9fa09000 Exception <a 'java/lang/NoSuchMethodError'{0x0000000787da02c0}: 'void java.lang.invoke.DirectMethodHandle$Holder.invokeSpecialIFC(java.lang.Object, java.lang.Object, java.lang.Object, java.lang.Object)'> (0x0000000787da02c0) thrown at [./src/hotspot/share/interpreter/linkResolver.cpp, line 773]
Event: 4.161 Thread 0x00007fcf9fa09000 Exception <a 'java/lang/NoSuchMethodError'{0x00000007868abfe0}: 'java.lang.Object java.lang.invoke.Invokers$Holder.linkToTargetMethod(java.lang.Object, int, int, java.lang.Object)'> (0x00000007868abfe0) thrown at [./src/hotspot/share/interpreter/linkResolver.cpp, line 773]
Event: 4.300 Thread 0x00007fcf9e0a7800 Exception <a 'java/lang/NoSuchMethodError'{0x00000007865bf4c8}: 'int java.lang.invoke.DirectMethodHandle$Holder.invokeStaticInit(java.lang.Object, java.lang.Object)'> (0x00000007865bf4c8) thrown at [./src/hotspot/share/interpreter/linkResolver.cpp, line 773]
Event: 4.574 Thread 0x00007fcf9fa09000 Exception <a 'java/lang/NoSuchMethodError'{0x0000000785a106e0}: 'java.lang.Object java.lang.invoke.DirectMethodHandle$Holder.invokeStatic(java.lang.Object, java.lang.Object, long, int, int, int)'> (0x0000000785a106e0) thrown at [./src/hotspot/share/interpreter/linkResolver.cpp, line 773]
Event: 4.577 Thread 0x00007fcf9fa09000 Exception <a 'java/lang/NoSuchMethodError'{0x0000000785a24348}: 'java.lang.Object java.lang.invoke.DirectMethodHandle$Holder.invokeStatic(java.lang.Object, java.lang.Object, int, java.lang.Object, long, int, int, int, int)'> (0x0000000785a24348) thrown at [./src/hotspot/share/interpreter/linkResolver.cpp, line 773]
Event: 5.143 Thread 0x00007fcf9fa09000 Exception <a 'java/lang/NoSuchMethodError'{0x0000000785917c90}: 'long java.lang.invoke.DirectMethodHandle$Holder.invokeStaticInit(java.lang.Object, java.lang.Object, java.lang.Object)'> (0x0000000785917c90) thrown at [./src/hotspot/share/interpreter/linkResolver.cpp, line 773]
Event: 5.146 Thread 0x00007fcf9fa09000 Exception <a 'java/lang/NoSuchMethodError'{0x000000078592a730}: 'java.lang.Object java.lang.invoke.DirectMethodHandle$Holder.invokeSpecial(java.lang.Object, java.lang.Object, long)'> (0x000000078592a730) thrown at [./src/hotspot/share/interpreter/linkResolver.cpp, line 773]
Event: 6.000 Thread 0x00007fcf9fa09000 Implicit null exception at 0x000000011eee052f to 0x000000011eee1cfc
Event: 6.066 Thread 0x00007fcf9e0a7800 Exception <a 'java/lang/NoSuchMethodError'{0x0000000785991658}: 'java.lang.Object java.lang.invoke.DirectMethodHandle$Holder.invokeStaticInit(java.lang.Object, int)'> (0x0000000785991658) thrown at [./src/hotspot/share/interpreter/linkResolver.cpp, line 773]

Events (20 events):
Event: 7.857 loading class sun/util/locale/provider/BaseLocaleDataMetaInfo
Event: 7.858 loading class sun/util/locale/provider/BaseLocaleDataMetaInfo done
Event: 7.860 loading class sun/text/resources/BreakIteratorInfo
Event: 7.860 loading class sun/text/resources/BreakIteratorInfo done
Event: 7.860 loading class sun/text/resources/BreakIteratorResources
Event: 7.860 loading class sun/util/resources/BreakIteratorResourceBundle
Event: 7.861 loading class sun/util/resources/BreakIteratorResourceBundle done
Event: 7.861 loading class sun/text/resources/BreakIteratorResources done
Event: 7.862 loading class sun/text/RuleBasedBreakIterator
Event: 7.862 loading class sun/text/RuleBasedBreakIterator done
Event: 7.863 loading class sun/text/CompactByteArray
Event: 7.864 loading class sun/text/CompactByteArray done
Event: 7.864 loading class sun/text/SupplementaryCharacterData
Event: 7.864 loading class sun/text/SupplementaryCharacterData done
Event: 7.864 loading class java/text/BreakIterator$BreakIteratorCache
Event: 7.864 loading class java/text/BreakIterator$BreakIteratorCache done
Event: 7.872 Executing VM operation: RevokeBias
Event: 7.873 Executing VM operation: RevokeBias done
Event: 7.873 Protecting memory [0x0000700011d04000,0x0000700011d08000] with protection modes 3
Event: 7.873 Thread 0x00007fcf9f7fe000 Thread exited: 0x00007fcf9f7fe000


Dynamic libraries:
0x000000010c5b5000 	/Library/Java/JavaVirtualMachines/temurin-11.jdk/Contents/Home/lib/jli/libjli.dylib
0x00007ff821961000 	/System/Library/Frameworks/Cocoa.framework/Versions/A/Cocoa
0x00007ff80d5de000 	/System/Library/Frameworks/AppKit.framework/Versions/C/AppKit
0x00007ff810ae9000 	/System/Library/Frameworks/CoreData.framework/Versions/A/CoreData
0x00007ff80b9ea000 	/System/Library/Frameworks/Foundation.framework/Versions/C/Foundation
0x00007ff81590a000 	/usr/lib/libSystem.B.dylib
0x00007ff80e46c000 	/System/Library/PrivateFrameworks/UIFoundation.framework/Versions/A/UIFoundation
0x00007ff81b86b000 	/System/Library/PrivateFrameworks/RemoteViewServices.framework/Versions/A/RemoteViewServices
0x00007ff813b55000 	/System/Library/PrivateFrameworks/XCTTargetBootstrap.framework/Versions/A/XCTTargetBootstrap
0x00007ff817711000 	/System/Library/PrivateFrameworks/InternationalSupport.framework/Versions/A/InternationalSupport
0x00007ff81779b000 	/System/Library/PrivateFrameworks/UserActivity.framework/Versions/A/UserActivity
0x00007ff816af1000 	/usr/lib/libspindump.dylib
0x00007ff80e6fa000 	/System/Library/Frameworks/UniformTypeIdentifiers.framework/Versions/A/UniformTypeIdentifiers
0x00007ff81227e000 	/usr/lib/libapp_launch_measurement.dylib
0x00007ff8114b9000 	/System/Library/PrivateFrameworks/CoreAnalytics.framework/Versions/A/CoreAnalytics
0x00007ff812281000 	/System/Library/PrivateFrameworks/CoreAutoLayout.framework/Versions/A/CoreAutoLayout
0x00007ff8134af000 	/System/Library/Frameworks/Metal.framework/Versions/A/Metal
0x00007ff8141db000 	/usr/lib/liblangid.dylib
0x00007ff813b5a000 	/System/Library/PrivateFrameworks/CoreSVG.framework/Versions/A/CoreSVG
0x00007ff80fae1000 	/System/Library/PrivateFrameworks/SkyLight.framework/Versions/A/SkyLight
0x00007ff80fe7f000 	/System/Library/Frameworks/CoreGraphics.framework/Versions/A/CoreGraphics
0x00007ff81bf2b000 	/System/Library/Frameworks/Accelerate.framework/Versions/A/Accelerate
0x00007ff816570000 	/System/Library/PrivateFrameworks/IconServices.framework/Versions/A/IconServices
0x00007ff813494000 	/System/Library/Frameworks/IOSurface.framework/Versions/A/IOSurface
0x00007ff8114e7000 	/usr/lib/libDiagnosticMessagesClient.dylib
0x00007ff81582a000 	/usr/lib/libz.1.dylib
0x00007ff81f60e000 	/System/Library/Frameworks/ApplicationServices.framework/Versions/A/ApplicationServices
0x00007ff813b41000 	/System/Library/PrivateFrameworks/DFRFoundation.framework/Versions/A/DFRFoundation
0x00007ff80cec6000 	/usr/lib/libicucore.A.dylib
0x00007ff818506000 	/System/Library/Frameworks/AudioToolbox.framework/Versions/A/AudioToolbox
0x00007ff81771d000 	/System/Library/PrivateFrameworks/DataDetectorsCore.framework/Versions/A/DataDetectorsCore
0x00007ff9136aa000 	/System/Library/PrivateFrameworks/TextInput.framework/Versions/A/TextInput
0x00007ff80fa64000 	/usr/lib/libMobileGestalt.dylib
0x00007ff81384d000 	/System/Library/Frameworks/Carbon.framework/Versions/A/Frameworks/HIToolbox.framework/Versions/A/HIToolbox
0x00007ff811c84000 	/System/Library/Frameworks/QuartzCore.framework/Versions/A/QuartzCore
0x00007ff80cb6d000 	/System/Library/Frameworks/Security.framework/Versions/A/Security
0x00007ff81b8a3000 	/System/Library/Frameworks/Carbon.framework/Versions/A/Frameworks/SpeechRecognition.framework/Versions/A/SpeechRecognition
0x00007ff811fde000 	/System/Library/PrivateFrameworks/CoreUI.framework/Versions/A/CoreUI
0x00007ff80c439000 	/System/Library/Frameworks/CoreAudio.framework/Versions/A/CoreAudio
0x00007ff8115d6000 	/System/Library/Frameworks/DiskArbitration.framework/Versions/A/DiskArbitration
0x00007ff816edf000 	/System/Library/PrivateFrameworks/MultitouchSupport.framework/Versions/A/MultitouchSupport
0x00007ff80fa63000 	/usr/lib/libenergytrace.dylib
0x00007ff80d4ca000 	/System/Library/Frameworks/IOKit.framework/Versions/A/IOKit
0x00007ff81bc93000 	/System/Library/Frameworks/CoreServices.framework/Versions/A/CoreServices
0x00007ff812218000 	/System/Library/PrivateFrameworks/PerformanceAnalysis.framework/Versions/A/PerformanceAnalysis
0x00007ffa22bce000 	/System/Library/Frameworks/OpenGL.framework/Versions/A/OpenGL
0x00007ff814e44000 	/System/Library/PrivateFrameworks/MobileKeyBag.framework/Versions/A/MobileKeyBag
0x00007ff80a9ba000 	/usr/lib/libobjc.A.dylib
0x00007ff81054a000 	/System/Library/Frameworks/ColorSync.framework/Versions/A/ColorSync
0x00007ff80ab78000 	/System/Library/Frameworks/CoreFoundation.framework/Versions/A/CoreFoundation
0x00007ff813dd1000 	/System/Library/Frameworks/CoreImage.framework/Versions/A/CoreImage
0x00007ff80c251000 	/System/Library/Frameworks/CoreText.framework/Versions/A/CoreText
0x00007ff813b8a000 	/System/Library/Frameworks/ImageIO.framework/Versions/A/ImageIO
0x00007ff815910000 	/System/Library/PrivateFrameworks/SoftLinking.framework/Versions/A/SoftLinking
0x00007ff8122c9000 	/usr/lib/libxml2.2.dylib
0x00007ff80aa84000 	/usr/lib/libc++.1.dylib
0x00007ff815b94000 	/usr/lib/libcompression.dylib
0x00007ff817644000 	/System/Library/PrivateFrameworks/TextureIO.framework/Versions/A/TextureIO
0x00007ff816282000 	/usr/lib/libate.dylib
0x00007ff815905000 	/usr/lib/system/libcache.dylib
0x00007ff8158c1000 	/usr/lib/system/libcommonCrypto.dylib
0x00007ff8158ea000 	/usr/lib/system/libcompiler_rt.dylib
0x00007ff8158e0000 	/usr/lib/system/libcopyfile.dylib
0x00007ff80a8b5000 	/usr/lib/system/libcorecrypto.dylib
0x00007ff80a973000 	/usr/lib/system/libdispatch.dylib
0x00007ff80ab37000 	/usr/lib/system/libdyld.dylib
0x00007ff8158fc000 	/usr/lib/system/libkeymgr.dylib
0x00007ff81589f000 	/usr/lib/system/libmacho.dylib
0x00007ff814f1e000 	/usr/lib/system/libquarantine.dylib
0x00007ff8158fa000 	/usr/lib/system/libremovefile.dylib
0x00007ff80fab1000 	/usr/lib/system/libsystem_asl.dylib
0x00007ff80a85e000 	/usr/lib/system/libsystem_blocks.dylib
0x00007ff80a9fb000 	/usr/lib/system/libsystem_c.dylib
0x00007ff8158f2000 	/usr/lib/system/libsystem_collections.dylib
0x00007ff8141cb000 	/usr/lib/system/libsystem_configuration.dylib
0x00007ff813477000 	/usr/lib/system/libsystem_containermanager.dylib
0x00007ff8155d8000 	/usr/lib/system/libsystem_coreservices.dylib
0x00007ff80d15a000 	/usr/lib/system/libsystem_darwin.dylib
0x00007ff8158fd000 	/usr/lib/system/libsystem_dnssd.dylib
0x00007ff80a9f8000 	/usr/lib/system/libsystem_featureflags.dylib
0x00007ff80ab4d000 	/usr/lib/system/libsystem_info.dylib
0x00007ff81583d000 	/usr/lib/system/libsystem_m.dylib
0x00007ff80a947000 	/usr/lib/system/libsystem_malloc.dylib
0x00007ff80fa4c000 	/usr/lib/system/libsystem_networkextension.dylib
0x00007ff80d580000 	/usr/lib/system/libsystem_notify.dylib
0x00007ff81bb68000 	/usr/lib/system/libsystem_product_info_filter.dylib
0x00007ff8141cf000 	/usr/lib/system/libsystem_sandbox.dylib
0x00007ff8158f7000 	/usr/lib/system/libsystem_secinit.dylib
0x00007ff80aaf3000 	/usr/lib/system/libsystem_kernel.dylib
0x00007ff80ab43000 	/usr/lib/system/libsystem_platform.dylib
0x00007ff80ab2b000 	/usr/lib/system/libsystem_pthread.dylib
0x00007ff8112f9000 	/usr/lib/system/libsystem_symptoms.dylib
0x00007ff80a89c000 	/usr/lib/system/libsystem_trace.dylib
0x00007ff8158cd000 	/usr/lib/system/libunwind.dylib
0x00007ff80a860000 	/usr/lib/system/libxpc.dylib
0x00007ff80aadd000 	/usr/lib/libc++abi.dylib
0x00007ff8158d8000 	/usr/lib/liboah.dylib
0x00007ff81605e000 	/usr/lib/liblzma.5.dylib
0x00007ff80b6fd000 	/System/Library/Frameworks/SystemConfiguration.framework/Versions/A/SystemConfiguration
0x00007ff81590c000 	/usr/lib/libfakelink.dylib
0x00007ff80f5bd000 	/System/Library/Frameworks/CFNetwork.framework/Versions/A/CFNetwork
0x00007ff815a4d000 	/usr/lib/libarchive.2.dylib
0x00007ff8141d7000 	/System/Library/PrivateFrameworks/AppleSystemInfo.framework/Versions/A/AppleSystemInfo
0x00007ff814f45000 	/usr/lib/libbsm.0.dylib
0x00007ff80ebd0000 	/usr/lib/libnetwork.dylib
0x00007ff8158a5000 	/usr/lib/system/libkxld.dylib
0x00007ff814b71000 	/System/Library/PrivateFrameworks/IOMobileFramebuffer.framework/Versions/A/IOMobileFramebuffer
0x00007ffb220d5000 	/usr/lib/libCoreEntitlements.dylib
0x00007ff8155ba000 	/System/Library/PrivateFrameworks/AppleFSCompression.framework/Versions/A/AppleFSCompression
0x00007ff814f2d000 	/usr/lib/libcoretls.dylib
0x00007ff816078000 	/usr/lib/libcoretls_cfhelpers.dylib
0x00007ff815b8f000 	/usr/lib/libpam.2.dylib
0x00007ff810f19000 	/usr/lib/libsqlite3.dylib
0x00007ff8160e7000 	/usr/lib/libxar.1.dylib
0x00007ff8155ca000 	/usr/lib/libbz2.1.0.dylib
0x00007ff815911000 	/usr/lib/libpcap.A.dylib
0x00007ff8112f1000 	/usr/lib/libdns_services.dylib
0x00007ff815b5f000 	/usr/lib/libapple_nghttp2.dylib
0x00007ff81594b000 	/usr/lib/libiconv.2.dylib
0x00007ff81589e000 	/usr/lib/libcharset.1.dylib
0x00007ff81224c000 	/System/Library/Frameworks/CoreServices.framework/Versions/A/Frameworks/FSEvents.framework/Versions/A/FSEvents
0x00007ff80d164000 	/System/Library/Frameworks/CoreServices.framework/Versions/A/Frameworks/CarbonCore.framework/Versions/A/CarbonCore
0x00007ff81153a000 	/System/Library/Frameworks/CoreServices.framework/Versions/A/Frameworks/Metadata.framework/Versions/A/Metadata
0x00007ff8155dd000 	/System/Library/Frameworks/CoreServices.framework/Versions/A/Frameworks/OSServices.framework/Versions/A/OSServices
0x00007ff815ad4000 	/System/Library/Frameworks/CoreServices.framework/Versions/A/Frameworks/SearchKit.framework/Versions/A/SearchKit
0x00007ff811284000 	/System/Library/Frameworks/CoreServices.framework/Versions/A/Frameworks/AE.framework/Versions/A/AE
0x00007ff80b07a000 	/System/Library/Frameworks/CoreServices.framework/Versions/A/Frameworks/LaunchServices.framework/Versions/A/LaunchServices
0x00007ff81600f000 	/System/Library/Frameworks/CoreServices.framework/Versions/A/Frameworks/DictionaryServices.framework/Versions/A/DictionaryServices
0x00007ff812259000 	/System/Library/Frameworks/CoreServices.framework/Versions/A/Frameworks/SharedFileList.framework/Versions/A/SharedFileList
0x00007ff814f21000 	/usr/lib/libCheckFix.dylib
0x00007ff80fac8000 	/System/Library/PrivateFrameworks/TCC.framework/Versions/A/TCC
0x00007ff8141dd000 	/System/Library/PrivateFrameworks/CoreNLP.framework/Versions/A/CoreNLP
0x00007ff8114ea000 	/System/Library/PrivateFrameworks/MetadataUtilities.framework/Versions/A/MetadataUtilities
0x00007ff80b7ad000 	/usr/lib/libmecabra.dylib
0x00007ff814f55000 	/usr/lib/libmecab.dylib
0x00007ff80b778000 	/usr/lib/libCRFSuite.dylib
0x00007ff814faf000 	/usr/lib/libgermantok.dylib
0x00007ff815b3a000 	/usr/lib/libThaiTokenizer.dylib
0x00007ff8115dd000 	/System/Library/Frameworks/Accelerate.framework/Versions/A/Frameworks/vImage.framework/Versions/A/vImage
0x00007ff81bc6a000 	/System/Library/Frameworks/Accelerate.framework/Versions/A/Frameworks/vecLib.framework/Versions/A/vecLib
0x00007ff816128000 	/System/Library/Frameworks/Accelerate.framework/Versions/A/Frameworks/vecLib.framework/Versions/A/libvMisc.dylib
0x00007ff81499c000 	/System/Library/Frameworks/Accelerate.framework/Versions/A/Frameworks/vecLib.framework/Versions/A/libvDSP.dylib
0x00007ff80b3f4000 	/System/Library/Frameworks/Accelerate.framework/Versions/A/Frameworks/vecLib.framework/Versions/A/libBLAS.dylib
0x00007ff815c71000 	/System/Library/Frameworks/Accelerate.framework/Versions/A/Frameworks/vecLib.framework/Versions/A/libLAPACK.dylib
0x00007ff814fb2000 	/System/Library/Frameworks/Accelerate.framework/Versions/A/Frameworks/vecLib.framework/Versions/A/libLinearAlgebra.dylib
0x00007ff815b77000 	/System/Library/Frameworks/Accelerate.framework/Versions/A/Frameworks/vecLib.framework/Versions/A/libSparseBLAS.dylib
0x00007ff815c6b000 	/System/Library/Frameworks/Accelerate.framework/Versions/A/Frameworks/vecLib.framework/Versions/A/libQuadrature.dylib
0x00007ff8142c8000 	/System/Library/Frameworks/Accelerate.framework/Versions/A/Frameworks/vecLib.framework/Versions/A/libBNNS.dylib
0x00007ff80b68e000 	/System/Library/Frameworks/Accelerate.framework/Versions/A/Frameworks/vecLib.framework/Versions/A/libSparse.dylib
0x00007ff8142c1000 	/System/Library/PrivateFrameworks/LinguisticData.framework/Versions/A/LinguisticData
0x00007ff80b644000 	/System/Library/PrivateFrameworks/Lexicon.framework/Versions/A/Lexicon
0x00007ff816121000 	/usr/lib/libChineseTokenizer.dylib
0x00007ff80bda6000 	/System/Library/PrivateFrameworks/LanguageModeling.framework/Versions/A/LanguageModeling
0x00007ff815b3c000 	/System/Library/PrivateFrameworks/AppleSauce.framework/Versions/A/AppleSauce
0x00007ff814b5f000 	/System/Library/PrivateFrameworks/CoreEmoji.framework/Versions/A/CoreEmoji
0x00007ff815a3c000 	/usr/lib/libcmph.dylib
0x00007ff812230000 	/System/Library/Frameworks/OpenDirectory.framework/Versions/A/Frameworks/CFOpenDirectory.framework/Versions/A/CFOpenDirectory
0x00007ff812224000 	/System/Library/Frameworks/OpenDirectory.framework/Versions/A/OpenDirectory
0x00007ff81607a000 	/System/Library/PrivateFrameworks/APFS.framework/Versions/A/APFS
0x00007ff814e7c000 	/System/Library/Frameworks/SecurityFoundation.framework/Versions/A/SecurityFoundation
0x00007ff8160f5000 	/usr/lib/libutil.dylib
0x00007ff80d48e000 	/System/Library/PrivateFrameworks/CoreServicesStore.framework/Versions/A/CoreServicesStore
0x00007ff8160f9000 	/usr/lib/libxslt.1.dylib
0x00007ff814f09000 	/System/Library/PrivateFrameworks/BackgroundTaskManagement.framework/Versions/A/BackgroundTaskManagement
0x00007ff817564000 	/System/Library/Frameworks/ImageIO.framework/Versions/A/Resources/libRadiance.dylib
0x00007ff81756d000 	/System/Library/Frameworks/ImageIO.framework/Versions/A/Resources/libJPEG.dylib
0x00007ff8174be000 	/System/Library/Frameworks/ImageIO.framework/Versions/A/Resources/libPng.dylib
0x00007ff8174df000 	/System/Library/Frameworks/ImageIO.framework/Versions/A/Resources/libTIFF.dylib
0x00007ff8175cd000 	/System/Library/Frameworks/ImageIO.framework/Versions/A/Resources/libGIF.dylib
0x00007ff816df9000 	/System/Library/Frameworks/ImageIO.framework/Versions/A/Resources/libJP2.dylib
0x00007ff816537000 	/usr/lib/libexpat.1.dylib
0x00007ff816dae000 	/System/Library/PrivateFrameworks/AppleJPEG.framework/Versions/A/AppleJPEG
0x00007ff813711000 	/System/Library/PrivateFrameworks/FontServices.framework/libFontParser.dylib
0x00007ff81122e000 	/System/Library/PrivateFrameworks/RunningBoardServices.framework/Versions/A/RunningBoardServices
0x00007ff821f19000 	/System/Library/PrivateFrameworks/IOSurfaceAccelerator.framework/Versions/A/IOSurfaceAccelerator
0x00007ff816edb000 	/System/Library/PrivateFrameworks/WatchdogClient.framework/Versions/A/WatchdogClient
0x00007ff80be94000 	/System/Library/Frameworks/CoreDisplay.framework/Versions/A/CoreDisplay
0x00007ff81360f000 	/System/Library/Frameworks/CoreMedia.framework/Versions/A/CoreMedia
0x00007ff8134a6000 	/System/Library/PrivateFrameworks/IOAccelerator.framework/Versions/A/IOAccelerator
0x00007ff8123ad000 	/System/Library/Frameworks/CoreVideo.framework/Versions/A/CoreVideo
0x00007ff815b8d000 	/System/Library/Frameworks/MetalPerformanceShaders.framework/Versions/A/MetalPerformanceShaders
0x00007ff816f18000 	/System/Library/Frameworks/VideoToolbox.framework/Versions/A/VideoToolbox
0x00007ff811178000 	/System/Library/PrivateFrameworks/BaseBoard.framework/Versions/A/BaseBoard
0x00007ff810eff000 	/System/Library/PrivateFrameworks/ProtocolBuffer.framework/Versions/A/ProtocolBuffer
0x00007ff81755d000 	/System/Library/PrivateFrameworks/GPUWrangler.framework/Versions/A/GPUWrangler
0x00007ff817541000 	/System/Library/PrivateFrameworks/IOPresentment.framework/Versions/A/IOPresentment
0x00007ff817567000 	/System/Library/PrivateFrameworks/DSExternalDisplay.framework/Versions/A/DSExternalDisplay
0x00007ffa22bc2000 	/System/Library/Frameworks/OpenGL.framework/Versions/A/Libraries/libCoreFSCache.dylib
0x00007ffb0f87e000 	/System/Library/PrivateFrameworks/GPUCompiler.framework/Versions/31001/Libraries/libGPUCompilerUtils.dylib
0x00007ff8175d2000 	/System/Library/PrivateFrameworks/CMCaptureCore.framework/Versions/A/CMCaptureCore
0x00007ff816adf000 	/System/Library/PrivateFrameworks/AppServerSupport.framework/Versions/A/AppServerSupport
0x00007ff818d9e000 	/System/Library/PrivateFrameworks/perfdata.framework/Versions/A/perfdata
0x00007ff80bfc0000 	/System/Library/PrivateFrameworks/AudioToolboxCore.framework/Versions/A/AudioToolboxCore
0x00007ff8135ed000 	/System/Library/PrivateFrameworks/caulk.framework/Versions/A/caulk
0x00007ff8186b0000 	/usr/lib/libAudioStatistics.dylib
0x00007ff90fe58000 	/System/Library/PrivateFrameworks/SystemPolicy.framework/Versions/A/SystemPolicy
0x00007ff81890b000 	/usr/lib/libSMC.dylib
0x00007ff821814000 	/System/Library/Frameworks/CoreMIDI.framework/Versions/A/CoreMIDI
0x00007ff81748d000 	/usr/lib/libAudioToolboxUtility.dylib
0x00007ff90c0fb000 	/System/Library/PrivateFrameworks/OSAServicesClient.framework/Versions/A/OSAServicesClient
0x00007ff818dab000 	/usr/lib/libperfcheck.dylib
0x00007ff910902000 	/usr/lib/libmis.dylib
0x00007ffa22c1d000 	/System/Library/Frameworks/OpenGL.framework/Versions/A/Libraries/libGLU.dylib
0x00007ffa22be1000 	/System/Library/Frameworks/OpenGL.framework/Versions/A/Libraries/libGFXShared.dylib
0x00007ffa22dea000 	/System/Library/Frameworks/OpenGL.framework/Versions/A/Libraries/libGL.dylib
0x00007ffa22bea000 	/System/Library/Frameworks/OpenGL.framework/Versions/A/Libraries/libGLImage.dylib
0x00007ffa22bde000 	/System/Library/Frameworks/OpenGL.framework/Versions/A/Libraries/libCVMSPluginSupport.dylib
0x00007ffa22bc9000 	/System/Library/Frameworks/OpenGL.framework/Versions/A/Libraries/libCoreVMClient.dylib
0x00007ff814159000 	/System/Library/Frameworks/MetalPerformanceShaders.framework/Versions/A/Frameworks/MPSCore.framework/Versions/A/MPSCore
0x00007ff815525000 	/System/Library/Frameworks/MetalPerformanceShaders.framework/Versions/A/Frameworks/MPSImage.framework/Versions/A/MPSImage
0x00007ff814fc8000 	/System/Library/Frameworks/MetalPerformanceShaders.framework/Versions/A/Frameworks/MPSNeuralNetwork.framework/Versions/A/MPSNeuralNetwork
0x00007ff81543c000 	/System/Library/Frameworks/MetalPerformanceShaders.framework/Versions/A/Frameworks/MPSMatrix.framework/Versions/A/MPSMatrix
0x00007ff8151f7000 	/System/Library/Frameworks/MetalPerformanceShaders.framework/Versions/A/Frameworks/MPSRayIntersector.framework/Versions/A/MPSRayIntersector
0x00007ff815474000 	/System/Library/Frameworks/MetalPerformanceShaders.framework/Versions/A/Frameworks/MPSNDArray.framework/Versions/A/MPSNDArray
0x00007ffa27b4a000 	/System/Library/Frameworks/MetalPerformanceShaders.framework/Versions/A/Frameworks/MPSFunctions.framework/Versions/A/MPSFunctions
0x00007ff80b2d1000 	/System/Library/PrivateFrameworks/MetalTools.framework/Versions/A/MetalTools
0x00007ff8141d5000 	/System/Library/PrivateFrameworks/AggregateDictionary.framework/Versions/A/AggregateDictionary
0x00007ff816319000 	/usr/lib/libIOReport.dylib
0x00007ffa241f9000 	/System/Library/Frameworks/OpenCL.framework/Versions/A/OpenCL
0x00007ff81667d000 	/System/Library/PrivateFrameworks/FaceCore.framework/Versions/A/FaceCore
0x00007ff81666e000 	/System/Library/PrivateFrameworks/GraphVisualizer.framework/Versions/A/GraphVisualizer
0x00007ffb0f789000 	/System/Library/PrivateFrameworks/FontServices.framework/Versions/A/FontServices
0x00007ff816a97000 	/System/Library/PrivateFrameworks/OTSVG.framework/Versions/A/OTSVG
0x00007ff811f94000 	/System/Library/Frameworks/ApplicationServices.framework/Versions/A/Frameworks/ATS.framework/Versions/A/Resources/libFontRegistry.dylib
0x00007ff816ae7000 	/System/Library/PrivateFrameworks/FontServices.framework/libhvf.dylib
0x00007ffb0f78a000 	/System/Library/PrivateFrameworks/FontServices.framework/libXTFontStaticRegistryData.dylib
0x00007ff8164e7000 	/System/Library/PrivateFrameworks/AppleVA.framework/Versions/A/AppleVA
0x00007ff8186d0000 	/System/Library/Frameworks/ApplicationServices.framework/Versions/A/Frameworks/ATS.framework/Versions/A/ATS
0x00007ff810646000 	/System/Library/Frameworks/ApplicationServices.framework/Versions/A/Frameworks/HIServices.framework/Versions/A/HIServices
0x00007ff8175dc000 	/System/Library/Frameworks/ApplicationServices.framework/Versions/A/Frameworks/PrintCore.framework/Versions/A/PrintCore
0x00007ff818a5e000 	/System/Library/Frameworks/ApplicationServices.framework/Versions/A/Frameworks/QD.framework/Versions/A/QD
0x00007ff818a56000 	/System/Library/Frameworks/ApplicationServices.framework/Versions/A/Frameworks/ColorSyncLegacy.framework/Versions/A/ColorSyncLegacy
0x00007ff8186c0000 	/System/Library/Frameworks/ApplicationServices.framework/Versions/A/Frameworks/SpeechSynthesis.framework/Versions/A/SpeechSynthesis
0x00007ff81759d000 	/System/Library/Frameworks/ApplicationServices.framework/Versions/A/Frameworks/ATSUI.framework/Versions/A/ATSUI
0x00007ff8189eb000 	/usr/lib/libcups.2.dylib
0x00007ff818dba000 	/System/Library/Frameworks/Kerberos.framework/Versions/A/Kerberos
0x00007ff818dc9000 	/System/Library/Frameworks/GSS.framework/Versions/A/GSS
0x00007ff81873c000 	/usr/lib/libresolv.9.dylib
0x00007ff816af6000 	/System/Library/PrivateFrameworks/Heimdal.framework/Versions/A/Heimdal
0x00007ff81f996000 	/System/Library/Frameworks/Kerberos.framework/Versions/A/Libraries/libHeimdalProxy.dylib
0x00007ff811301000 	/System/Library/Frameworks/Network.framework/Versions/A/Network
0x00007ff816551000 	/usr/lib/libheimdal-asn1.dylib
0x00007ff818e14000 	/System/Library/PrivateFrameworks/CommonAuth.framework/Versions/A/CommonAuth
0x00007ff818642000 	/System/Library/PrivateFrameworks/AudioSession.framework/Versions/A/AudioSession
0x00007ff8165e1000 	/System/Library/PrivateFrameworks/MediaExperience.framework/Versions/A/MediaExperience
0x00007ff8184d5000 	/System/Library/PrivateFrameworks/AudioSession.framework/libSessionUtility.dylib
0x00007ff818a6a000 	/System/Library/PrivateFrameworks/AudioResourceArbitration.framework/Versions/A/AudioResourceArbitration
0x00007ff81cadd000 	/System/Library/PrivateFrameworks/PowerLog.framework/Versions/A/PowerLog
0x00007ff81655a000 	/System/Library/PrivateFrameworks/IconFoundation.framework/Versions/A/IconFoundation
0x00007ff81b893000 	/System/Library/PrivateFrameworks/SpeechRecognitionCore.framework/Versions/A/SpeechRecognitionCore
0x000000010d37c000 	/Library/Java/JavaVirtualMachines/temurin-11.jdk/Contents/Home/lib/server/libjvm.dylib
0x000000010c5e4000 	/Library/Java/JavaVirtualMachines/temurin-11.jdk/Contents/Home/lib/libverify.dylib
0x000000010c621000 	/Library/Java/JavaVirtualMachines/temurin-11.jdk/Contents/Home/lib/libjava.dylib
0x000000010c5f5000 	/Library/Java/JavaVirtualMachines/temurin-11.jdk/Contents/Home/lib/libjimage.dylib
0x000000010c689000 	/Library/Java/JavaVirtualMachines/temurin-11.jdk/Contents/Home/lib/libjdwp.dylib
0x000000010c611000 	/Library/Java/JavaVirtualMachines/temurin-11.jdk/Contents/Home/lib/libinstrument.dylib
0x000000010c64d000 	/Library/Java/JavaVirtualMachines/temurin-11.jdk/Contents/Home/lib/libzip.dylib
0x000000010c670000 	/Library/Java/JavaVirtualMachines/temurin-11.jdk/Contents/Home/lib/libdt_socket.dylib
0x000000010d134000 	/Library/Java/JavaVirtualMachines/temurin-11.jdk/Contents/Home/lib/libnio.dylib
0x000000010d160000 	/Library/Java/JavaVirtualMachines/temurin-11.jdk/Contents/Home/lib/libnet.dylib
0x000000010d121000 	/Users/alessandromaggio/.openjfx/cache/11/libprism_es2.dylib
0x00007ff80d450000 	/System/Library/PrivateFrameworks/CoreServicesInternal.framework/Versions/A/CoreServicesInternal
0x00007ffa22df5000 	/System/Library/Frameworks/OpenGL.framework/Versions/A/Resources/GLEngine.bundle/GLEngine
0x00007ffa22c5b000 	/System/Library/Frameworks/OpenGL.framework/Versions/A/Libraries/libGLProgrammability.dylib
0x00007ffa1b5c9000 	/System/Library/Extensions/AppleIntelBDWGraphicsGLDriver.bundle/Contents/MacOS/AppleIntelBDWGraphicsGLDriver
0x00007ff91aa3c000 	/System/Library/PrivateFrameworks/GPUSupport.framework/Versions/A/Libraries/libGPUSupportMercury.dylib
0x00007ffa22f7f000 	/System/Library/Frameworks/OpenGL.framework/Versions/A/Resources/GLRendererFloat.bundle/GLRendererFloat
0x000000012f0c2000 	/Users/alessandromaggio/.openjfx/cache/11/libglass.dylib
0x00007ff81d0ce000 	/System/Library/Frameworks/FileProvider.framework/Versions/A/FileProvider
0x00007ff8110e5000 	/System/Library/Frameworks/Accounts.framework/Versions/A/Accounts
0x00007ff81d247000 	/System/Library/PrivateFrameworks/GenerationalStorage.framework/Versions/A/GenerationalStorage
0x00007ff81dd5a000 	/System/Library/PrivateFrameworks/CoreSymbolication.framework/Versions/A/CoreSymbolication
0x00007ff81cad2000 	/System/Library/PrivateFrameworks/SymptomDiagnosticReporter.framework/Versions/A/SymptomDiagnosticReporter
0x00007ff80e70e000 	/System/Library/PrivateFrameworks/DesktopServicesPriv.framework/Versions/A/DesktopServicesPriv
0x00007ff80d58f000 	/usr/lib/libsandbox.1.dylib
0x00007ff81242c000 	/System/Library/PrivateFrameworks/UserManagement.framework/Versions/A/UserManagement
0x00007ff81dd1f000 	/System/Library/PrivateFrameworks/DebugSymbols.framework/Versions/A/DebugSymbols
0x00007ff818a4b000 	/System/Library/PrivateFrameworks/NetAuth.framework/Versions/A/NetAuth
0x00007ff819958000 	/System/Library/PrivateFrameworks/Sharing.framework/Versions/A/Sharing
0x00007ff8123ff000 	/System/Library/PrivateFrameworks/login.framework/Versions/A/Frameworks/loginsupport.framework/Versions/A/loginsupport
0x00007ff81eebd000 	/System/Library/PrivateFrameworks/Apple80211.framework/Versions/A/Apple80211
0x00007ff81560a000 	/System/Library/PrivateFrameworks/AuthKit.framework/Versions/A/AuthKit
0x00007ff814c55000 	/System/Library/PrivateFrameworks/CoreUtils.framework/Versions/A/CoreUtils
0x00007ff814b7c000 	/System/Library/Frameworks/CoreWLAN.framework/Versions/A/CoreWLAN
0x00007ff819ab7000 	/System/Library/Frameworks/IOBluetooth.framework/Versions/A/IOBluetooth
0x00007ff81ef25000 	/System/Library/PrivateFrameworks/CoreWiFi.framework/Versions/A/CoreWiFi
0x00007ff81d8f1000 	/System/Library/PrivateFrameworks/FrontBoardServices.framework/Versions/A/FrontBoardServices
0x00007ff81d982000 	/System/Library/PrivateFrameworks/BoardServices.framework/Versions/A/BoardServices
0x00007ff814e6b000 	/System/Library/PrivateFrameworks/AssertionServices.framework/Versions/A/AssertionServices
0x00007ff81f0a8000 	/System/Library/PrivateFrameworks/BackBoardServices.framework/Versions/A/BackBoardServices
0x00007ff818ea5000 	/System/Library/PrivateFrameworks/CorePhoneNumbers.framework/Versions/A/CorePhoneNumbers
0x00007ff81cbef000 	/System/Library/PrivateFrameworks/DiskManagement.framework/Versions/A/DiskManagement
0x00007ff81cb03000 	/System/Library/PrivateFrameworks/AppleIDAuthSupport.framework/Versions/A/AppleIDAuthSupport
0x00007ffa2a10b000 	/System/Library/PrivateFrameworks/AAAFoundation.framework/Versions/A/AAAFoundation
0x00007ff818e86000 	/System/Library/PrivateFrameworks/KeychainCircle.framework/Versions/A/KeychainCircle
0x00007ff81cbbb000 	/System/Library/PrivateFrameworks/MediaKit.framework/Versions/A/MediaKit
0x00007ff81cb0f000 	/System/Library/Frameworks/DiscRecording.framework/Versions/A/DiscRecording
0x00007ff81645f000 	/usr/lib/libCoreStorage.dylib
0x00007ff81f396000 	/usr/lib/libcsfde.dylib
0x00007ff819b84000 	/System/Library/PrivateFrameworks/ProtectedCloudStorage.framework/Versions/A/ProtectedCloudStorage
0x00007ff81f392000 	/System/Library/PrivateFrameworks/EFILogin.framework/Versions/A/EFILogin
0x00007ff81d26d000 	/System/Library/PrivateFrameworks/OctagonTrust.framework/Versions/A/OctagonTrust
0x00007ffb0e9f8000 	/System/Library/PrivateFrameworks/CoreUtilsExtras.framework/Versions/A/CoreUtilsExtras
0x00007ff81ca36000 	/System/Library/Frameworks/CoreBluetooth.framework/Versions/A/CoreBluetooth
0x00007ff81fa1b000 	/System/Library/Frameworks/AudioUnit.framework/Versions/A/AudioUnit
0x00007ff816457000 	/usr/lib/libMatch.1.dylib
0x00007ff914edb000 	/System/Library/Frameworks/Accelerate.framework/Versions/A/Frameworks/vImage.framework/Versions/A/Libraries/libCGInterfaces.dylib
0x0000000130295000 	/usr/lib/libobjc-trampolines.dylib
0x00007ff812124000 	/System/Library/PrivateFrameworks/ViewBridge.framework/Versions/A/ViewBridge
0x00007ffb221e4000 	/usr/lib/libRosetta.dylib
0x0000000133236000 	/Users/alessandromaggio/.openjfx/cache/11/libjavafx_font.dylib
0x000000013263f000 	/Library/Java/JavaVirtualMachines/temurin-11.jdk/Contents/Home/lib/libextnet.dylib
0x00007ff816bad000 	/System/Library/PrivateFrameworks/login.framework/Versions/A/login


VM Arguments:
jvm_args: -agentlib:jdwp=transport=dt_socket,suspend=y,address=localhost:50248 -javaagent:/Applications/Eclipse.app/Contents/Eclipse/configuration/org.eclipse.osgi/215/0/.cp/lib/javaagent-shaded.jar -Dfile.encoding=UTF-8 
java_command: it.polito.tdp.genes.Main
java_class_path (initial): /Users/alessandromaggio/Desktop/UNI/3 anno/TDP/eclipse-workspace/2021-06-01-simulazione/target/classes:/Users/alessandromaggio/.m2/repository/org/openjfx/javafx-controls/11/javafx-controls-11.jar:/Users/alessandromaggio/.m2/repository/org/openjfx/javafx-controls/11/javafx-controls-11-mac.jar:/Users/alessandromaggio/.m2/repository/org/openjfx/javafx-graphics/11/javafx-graphics-11.jar:/Users/alessandromaggio/.m2/repository/org/openjfx/javafx-graphics/11/javafx-graphics-11-mac.jar:/Users/alessandromaggio/.m2/repository/org/openjfx/javafx-base/11/javafx-base-11.jar:/Users/alessandromaggio/.m2/repository/org/openjfx/javafx-base/11/javafx-base-11-mac.jar:/Users/alessandromaggio/.m2/repository/org/openjfx/javafx-fxml/11/javafx-fxml-11.jar:/Users/alessandromaggio/.m2/repository/org/openjfx/javafx-fxml/11/javafx-fxml-11-mac.jar:/Users/alessandromaggio/.m2/repository/com/zaxxer/HikariCP/3.4.2/HikariCP-3.4.2.jar:/Users/alessandromaggio/.m2/repository/org/jgrapht/jgrapht-core/1.5.1/jgrapht-core-1.5.1.jar:/Users/alessandromaggio/.m2/repository/org/jheaps/jheaps/0.13/jheaps-0.13.jar:/Users/alessandromaggio/.m2/repository/org/mariadb/jdbc/mariadb-java-client/2.5.4/mariadb-java-client-2.5.4.jar:/Users/alessandromaggio/.m2/repository/org/slf4j/slf4j-api/1.7.30/slf4j-api-1.7.30.jar:/Users/alessandromaggio/.m2/repository/org/slf4j/slf4j-simple/1.7.30/slf4j-simple-1.7.30.jar
Launcher Type: SUN_STANDARD

[Global flags]
     intx CICompilerCount                          = 3                                         {product} {ergonomic}
     uint ConcGCThreads                            = 1                                         {product} {ergonomic}
     uint G1ConcRefinementThreads                  = 4                                         {product} {ergonomic}
   size_t G1HeapRegionSize                         = 1048576                                   {product} {ergonomic}
    uintx GCDrainStackTargetSize                   = 64                                        {product} {ergonomic}
   size_t InitialHeapSize                          = 134217728                                 {product} {ergonomic}
   size_t MarkStackSize                            = 4194304                                   {product} {ergonomic}
   size_t MaxHeapSize                              = 2147483648                                {product} {ergonomic}
   size_t MaxNewSize                               = 1287651328                                {product} {ergonomic}
   size_t MinHeapDeltaBytes                        = 1048576                                   {product} {ergonomic}
    uintx NonNMethodCodeHeapSize                   = 5830732                                {pd product} {ergonomic}
    uintx NonProfiledCodeHeapSize                  = 122913754                              {pd product} {ergonomic}
    uintx ProfiledCodeHeapSize                     = 122913754                              {pd product} {ergonomic}
    uintx ReservedCodeCacheSize                    = 251658240                              {pd product} {ergonomic}
     bool SegmentedCodeCache                       = true                                      {product} {ergonomic}
     bool UseCompressedClassPointers               = true                                 {lp64_product} {ergonomic}
     bool UseCompressedOops                        = true                                 {lp64_product} {ergonomic}
     bool UseG1GC                                  = true                                      {product} {ergonomic}

Logging:
Log output configuration:
 #0: stdout all=warning uptime,level,tags
 #1: stderr all=off uptime,level,tags

Environment Variables:
PATH=/usr/bin:/bin:/usr/sbin:/sbin
SHELL=/bin/bash

Signal Handlers:
SIGSEGV: [libjvm.dylib+0x7c69d4], sa_mask[0]=11111111011111110111111111111111, sa_flags=SA_ONSTACK|SA_RESTART|SA_SIGINFO
SIGBUS: [libjvm.dylib+0x7c69d4], sa_mask[0]=11111111011111110111111111111111, sa_flags=SA_RESTART|SA_SIGINFO
SIGFPE: [libjvm.dylib+0x7c69d4], sa_mask[0]=11111111011111110111111111111111, sa_flags=SA_RESTART|SA_SIGINFO
SIGPIPE: [libjvm.dylib+0x62b2ae], sa_mask[0]=11111111011111110111111111111111, sa_flags=SA_RESTART|SA_SIGINFO
SIGXFSZ: [libjvm.dylib+0x62b2ae], sa_mask[0]=11111111011111110111111111111111, sa_flags=SA_RESTART|SA_SIGINFO
SIGILL: [libjvm.dylib+0x7c69d4], sa_mask[0]=11111111011111110111111111111111, sa_flags=SA_RESTART|SA_SIGINFO
SIGUSR2: [libjvm.dylib+0x62b895], sa_mask[0]=00100000000000000000000000000000, sa_flags=SA_RESTART|SA_SIGINFO
SIGHUP: [libjvm.dylib+0x62a477], sa_mask[0]=11111111011111110111111111111111, sa_flags=SA_RESTART|SA_SIGINFO
SIGINT: [libjvm.dylib+0x62a477], sa_mask[0]=11111111011111110111111111111111, sa_flags=SA_RESTART|SA_SIGINFO
SIGTERM: [libjvm.dylib+0x62a477], sa_mask[0]=11111111011111110111111111111111, sa_flags=SA_RESTART|SA_SIGINFO
SIGQUIT: [libjvm.dylib+0x62a477], sa_mask[0]=11111111011111110111111111111111, sa_flags=SA_RESTART|SA_SIGINFO


---------------  S Y S T E M  ---------------

OS:uname:Darwin 21.4.0 Darwin Kernel Version 21.4.0: Fri Mar 18 00:45:05 PDT 2022; root:xnu-8020.101.4~15/RELEASE_X86_64 x86_64
OS uptime: 0 days 23:45 hours
rlimit (soft/hard): STACK 8192k/65532k , CORE 0k/infinity , NPROC 1392/2088 , NOFILE 10240/infinity , AS infinity/infinity , CPU infinity/infinity , DATA infinity/infinity , FSIZE infinity/infinity , MEMLOCK infinity/infinity , RSS infinity/infinity
load average:2.45 2.50 2.39

CPU:total 4 (initial active 4) (2 cores per cpu, 2 threads per core) family 6 model 61 stepping 4 microcode 0x2f, cmov, cx8, fxsr, mmx, sse, sse2, sse3, ssse3, sse4.1, sse4.2, popcnt, avx, avx2, aes, clmul, erms, rtm, 3dnowpref, lzcnt, ht, tsc, tscinvbit, bmi1, bmi2, adx, fma

Memory: 4k page, physical 8388608k(1638268k free), swap 1048576k(896512k free)

vm_info: OpenJDK 64-Bit Server VM (11.0.14.1+1) for bsd-amd64 JRE (11.0.14.1+1), built on Feb  8 2022 17:43:13 by "jenkins" with clang 4.2.1 Compatible Apple LLVM 10.0.1 (clang-1001.0.46.4)

END.
